  [4;36;1mSQL (162.0ms)[0m   [0;1m SELECT name
 FROM sqlite_master
 WHERE type = 'table' AND NOT name = 'sqlite_sequence'
[0m
  [4;35;1mSQL (0.1ms)[0m   [0mselect sqlite_version(*)[0m
  [4;36;1mSQL (174.0ms)[0m   [0;1mCREATE TABLE "schema_migrations" ("version" varchar(255) NOT NULL) [0m
  [4;35;1mSQL (387.4ms)[0m   [0mCREATE UNIQUE INDEX "unique_schema_migrations" ON "schema_migrations" ("version")[0m
  [4;36;1mSQL (81.5ms)[0m   [0;1m SELECT name
 FROM sqlite_master
 WHERE type = 'table' AND NOT name = 'sqlite_sequence'
[0m
  [4;35;1mSQL (121.6ms)[0m   [0mSELECT version FROM schema_migrations[0m
Migrating to CreateEducation (20100110215830)
  [4;36;1mSQL (121.8ms)[0m   [0;1mCREATE TABLE "education" ("id" INTEGER PRIMARY KEY AUTOINCREMENT NOT NULL, "author" varchar(255), "quotation" text, "created_at" datetime, "updated_at" datetime) [0m
  [4;35;1mSQL (0.1ms)[0m   [0mINSERT INTO schema_migrations (version) VALUES ('20100110215830')[0m
Migrating to CreateComputers (20100110220139)
  [4;36;1mSQL (81.5ms)[0m   [0;1mCREATE TABLE "computers" ("id" INTEGER PRIMARY KEY AUTOINCREMENT NOT NULL, "owner" varchar(255), "resolution" integer, "created_at" datetime, "updated_at" datetime) [0m
  [4;35;1mSQL (0.1ms)[0m   [0mINSERT INTO schema_migrations (version) VALUES ('20100110220139')[0m
  [4;36;1mSQL (43.2ms)[0m   [0;1m SELECT name
 FROM sqlite_master
 WHERE type = 'table' AND NOT name = 'sqlite_sequence'
[0m
  [4;35;1mSQL (42.0ms)[0m   [0mSELECT version FROM schema_migrations[0m
  [4;36;1mSQL (42.7ms)[0m   [0;1m SELECT name
 FROM sqlite_master
 WHERE type = 'table' AND NOT name = 'sqlite_sequence'
[0m
  [4;35;1mSQL (0.0ms)[0m   [0mPRAGMA index_list("computers")[0m
  [4;36;1mSQL (0.0ms)[0m   [0;1mPRAGMA index_list("education")[0m
